<?xml version="1.0" encoding="UTF-8"?>
<!-- Generated by org.testng.reporters.JUnitReportReporter -->
<testsuite hostname="DESKTOP-1U7OV25" failures="0" tests="1" name="projeict2.projeict2" time="0.006" errors="0" timestamp="2023-10-23T17:05:47 EET" skipped="0">
  <testcase classname="projeict2.projeict2" name="MyFirstTest" time="0.006"/>
  <system-out/>
</testsuite> <!-- projeict2.projeict2 -->
